c:\users\sammc\coding\c++\22\thecherno\opengl\opengl-renderer\bin\intermediates\x64\vc143.pdb
c:\users\sammc\coding\c++\22\thecherno\opengl\opengl-renderer\bin\intermediates\x64\vc143.idb
c:\users\sammc\coding\c++\22\thecherno\opengl\opengl-renderer\bin\intermediates\x64\renderer.obj
c:\users\sammc\coding\c++\22\thecherno\opengl\opengl-renderer\bin\intermediates\x64\vertexbuffer.obj
c:\users\sammc\coding\c++\22\thecherno\opengl\opengl-renderer\bin\intermediates\x64\application.obj
c:\users\sammc\coding\c++\22\thecherno\opengl\opengl-renderer\bin\intermediates\x64\vertexarray.obj
c:\users\sammc\coding\c++\22\thecherno\opengl\opengl-renderer\bin\intermediates\x64\shader.obj
c:\users\sammc\coding\c++\22\thecherno\opengl\opengl-renderer\bin\intermediates\x64\indexbuffer.obj
c:\users\sammc\coding\c++\22\thecherno\opengl\opengl-renderer\bin\x64\openglrenderer.exe
c:\users\sammc\coding\c++\22\thecherno\opengl\opengl-renderer\bin\intermediates\x64\openglrenderer.ilk
c:\users\sammc\coding\c++\22\thecherno\opengl\opengl-renderer\bin\x64\openglrenderer.pdb
c:\users\sammc\coding\c++\22\thecherno\opengl\opengl-renderer\bin\intermediates\x64\main.obj
c:\users\sammc\coding\c++\22\thecherno\opengl\opengl-renderer\bin\x64\\openglrenderer.pdb
c:\users\sammc\coding\c++\22\thecherno\opengl\opengl-renderer\bin\intermediates\x64\\openglrenderer.vcxproj.filelistabsolute.txt
c:\users\sammc\coding\c++\22\thecherno\opengl\opengl-renderer\bin\intermediates\x64\openglrenderer.tlog\cl.command.1.tlog
c:\users\sammc\coding\c++\22\thecherno\opengl\opengl-renderer\bin\intermediates\x64\openglrenderer.tlog\cl.read.1.tlog
c:\users\sammc\coding\c++\22\thecherno\opengl\opengl-renderer\bin\intermediates\x64\openglrenderer.tlog\cl.write.1.tlog
c:\users\sammc\coding\c++\22\thecherno\opengl\opengl-renderer\bin\intermediates\x64\openglrenderer.tlog\link.command.1.tlog
c:\users\sammc\coding\c++\22\thecherno\opengl\opengl-renderer\bin\intermediates\x64\openglrenderer.tlog\link.read.1.tlog
c:\users\sammc\coding\c++\22\thecherno\opengl\opengl-renderer\bin\intermediates\x64\openglrenderer.tlog\link.write.1.tlog
